<?xml version="1.0" encoding="UTF-8"?>
<!-- Generated by org.testng.reporters.JUnitXMLReporter -->
<testsuite ignored="0" hostname="pc-002404-3" failures="0" tests="2" name="Run on chrome" time="6.833" errors="0" timestamp="2024-06-22T14:12:12 ICT">
  <testcase classname="com.nopcommerce.account.Level_18_Extent_V5" name="User_01_Register_Validate" time="1.346"/>
  <testcase classname="com.nopcommerce.account.Level_18_Extent_V5" name="User_02_Register_Success" time="1.377"/>
</testsuite> <!-- Run on chrome -->
