<?xml version="1.0" encoding="UTF-8"?>
<!-- Generated by org.testng.reporters.JUnitXMLReporter -->
<testsuite ignored="0" hostname="pc-002404-3" failures="0" tests="2" name="Run on firefox" time="6.145" errors="0" timestamp="2024-06-22T14:12:18 ICT">
  <testcase classname="com.nopcommerce.account.Level_18_Extent_V5" name="User_01_Register_Validate" time="1.071"/>
  <testcase classname="com.nopcommerce.account.Level_18_Extent_V5" name="User_02_Register_Success" time="1.062"/>
</testsuite> <!-- Run on firefox -->
